0 info it worked if it ends with ok
1 verbose cli [ '/usr/local/bin/node',
1 verbose cli   '/usr/local/bin/npm',
1 verbose cli   'install',
1 verbose cli   '-g',
1 verbose cli   'bower' ]
2 info using npm@2.14.7
3 info using node@v4.2.0
4 verbose install initial load of /usr/local/lib/package.json
5 verbose readDependencies loading dependencies from /usr/local/lib/package.json
6 silly cache add args [ 'bower', null ]
7 verbose cache add spec bower
8 silly cache add parsed spec Result {
8 silly cache add   raw: 'bower',
8 silly cache add   scope: null,
8 silly cache add   name: 'bower',
8 silly cache add   rawSpec: '',
8 silly cache add   spec: '*',
8 silly cache add   type: 'range' }
9 silly addNamed bower@*
10 verbose addNamed "*" is a valid semver range for bower
11 silly addNameRange { name: 'bower', range: '*', hasData: false }
12 silly mapToRegistry name bower
13 silly mapToRegistry using default registry
14 silly mapToRegistry registry https://registry.npmjs.org/
15 silly mapToRegistry uri https://registry.npmjs.org/bower
16 verbose addNameRange registry:https://registry.npmjs.org/bower not in flight; fetching
17 verbose get https://registry.npmjs.org/bower not expired, no request
18 silly addNameRange number 2 { name: 'bower', range: '*', hasData: true }
19 silly addNameRange versions [ 'bower',
19 silly addNameRange   [ '0.1.0',
19 silly addNameRange     '0.1.2',
19 silly addNameRange     '0.1.3',
19 silly addNameRange     '0.2.0',
19 silly addNameRange     '0.3.0',
19 silly addNameRange     '0.3.1',
19 silly addNameRange     '0.3.2',
19 silly addNameRange     '0.4.0',
19 silly addNameRange     '0.5.0',
19 silly addNameRange     '0.5.1',
19 silly addNameRange     '0.6.0',
19 silly addNameRange     '0.6.1',
19 silly addNameRange     '0.6.2',
19 silly addNameRange     '0.6.3',
19 silly addNameRange     '0.6.4',
19 silly addNameRange     '0.6.5',
19 silly addNameRange     '0.6.6',
19 silly addNameRange     '0.6.7',
19 silly addNameRange     '0.6.8',
19 silly addNameRange     '0.7.0',
19 silly addNameRange     '0.7.1',
19 silly addNameRange     '0.8.0',
19 silly addNameRange     '0.8.1',
19 silly addNameRange     '0.8.2',
19 silly addNameRange     '0.8.3',
19 silly addNameRange     '0.8.4',
19 silly addNameRange     '0.8.5',
19 silly addNameRange     '0.8.6',
19 silly addNameRange     '0.9.0',
19 silly addNameRange     '0.9.1',
19 silly addNameRange     '0.9.2',
19 silly addNameRange     '0.10.0',
19 silly addNameRange     '1.0.0',
19 silly addNameRange     '1.0.1',
19 silly addNameRange     '1.0.2',
19 silly addNameRange     '1.0.3',
19 silly addNameRange     '1.1.0',
19 silly addNameRange     '1.1.1',
19 silly addNameRange     '1.1.2',
19 silly addNameRange     '1.2.0',
19 silly addNameRange     '1.2.1',
19 silly addNameRange     '1.2.2',
19 silly addNameRange     '1.2.3',
19 silly addNameRange     '1.2.4',
19 silly addNameRange     '1.2.5',
19 silly addNameRange     '1.2.6',
19 silly addNameRange     '1.2.7',
19 silly addNameRange     '1.2.8',
19 silly addNameRange     '1.3.0',
19 silly addNameRange     '1.3.1',
19 silly addNameRange     '1.3.2',
19 silly addNameRange     '1.3.3',
19 silly addNameRange     '1.3.4',
19 silly addNameRange     '1.3.5',
19 silly addNameRange     '1.3.6',
19 silly addNameRange     '1.3.7',
19 silly addNameRange     '1.3.8',
19 silly addNameRange     '1.3.9',
19 silly addNameRange     '1.3.10',
19 silly addNameRange     '1.3.11',
19 silly addNameRange     '1.3.12',
19 silly addNameRange     '1.4.0',
19 silly addNameRange     '1.4.1',
19 silly addNameRange     '1.5.0',
19 silly addNameRange     '1.5.1',
19 silly addNameRange     '1.5.2',
19 silly addNameRange     '1.5.3',
19 silly addNameRange     '1.6.2',
19 silly addNameRange     '1.6.3',
19 silly addNameRange     '1.6.4',
19 silly addNameRange     '1.6.5',
19 silly addNameRange     '1.5.4',
19 silly addNameRange     '1.4.2',
19 silly addNameRange     '1.6.6',
19 silly addNameRange     '1.6.7',
19 silly addNameRange     '1.6.8',
19 silly addNameRange     '1.6.9',
19 silly addNameRange     '1.7.0',
19 silly addNameRange     '1.7.1',
19 silly addNameRange     '1.7.2' ] ]
20 silly addNamed bower@1.7.2
21 verbose addNamed "1.7.2" is a plain semver version for bower
22 silly mapToRegistry name bower
23 silly mapToRegistry using default registry
24 silly mapToRegistry registry https://registry.npmjs.org/
25 silly mapToRegistry uri https://registry.npmjs.org/bower
26 verbose addRemoteTarball https://registry.npmjs.org/bower/-/bower-1.7.2.tgz not in flight; adding
27 verbose addRemoteTarball [ 'https://registry.npmjs.org/bower/-/bower-1.7.2.tgz',
27 verbose addRemoteTarball   'b04228f9970f11777017e64ae39d71f9346c9575' ]
28 info retry fetch attempt 1 at 5:53:45 PM
29 info attempt registry request try #1 at 5:53:45 PM
30 http fetch GET https://registry.npmjs.org/bower/-/bower-1.7.2.tgz
31 verbose request id 8adcd5553fb203d6
32 http fetch 200 https://registry.npmjs.org/bower/-/bower-1.7.2.tgz
33 silly fetchAndShaCheck shasum b04228f9970f11777017e64ae39d71f9346c9575
34 verbose addTmpTarball /var/folders/sv/tv8clg5x0kn3vnwjfyhx4m0h0000gn/T/npm-1242-f21e1920/registry.npmjs.org/bower/-/bower-1.7.2.tgz not in flight; adding
35 verbose addTmpTarball already have metadata; skipping unpack for bower@1.7.2
36 silly cache afterAdd bower@1.7.2
37 verbose afterAdd /Users/adi/.npm/bower/1.7.2/package/package.json not in flight; writing
38 verbose afterAdd /Users/adi/.npm/bower/1.7.2/package/package.json written
39 silly install resolved [ { name: 'bower',
39 silly install resolved     version: '1.7.2',
39 silly install resolved     description: 'The browser package manager',
39 silly install resolved     author: { name: 'Twitter' },
39 silly install resolved     license: 'MIT',
39 silly install resolved     repository: { type: 'git', url: 'git+https://github.com/bower/bower.git' },
39 silly install resolved     main: 'lib',
39 silly install resolved     homepage: 'http://bower.io',
39 silly install resolved     engines: { node: '>=0.10.0' },
39 silly install resolved     keywords: [ 'bower' ],
39 silly install resolved     dependencies:
39 silly install resolved      { abbrev: '^1.0.5',
39 silly install resolved        archy: '1.0.0',
39 silly install resolved        'bower-config': '^1.3.0',
39 silly install resolved        'bower-endpoint-parser': '^0.2.2',
39 silly install resolved        'bower-json': '^0.4.0',
39 silly install resolved        'bower-logger': '^0.2.2',
39 silly install resolved        'bower-registry-client': '^1.0.0',
39 silly install resolved        cardinal: '0.4.4',
39 silly install resolved        chalk: '^1.0.0',
39 silly install resolved        chmodr: '^1.0.2',
39 silly install resolved        configstore: '^0.3.2',
39 silly install resolved        'decompress-zip': '^0.1.0',
39 silly install resolved        destroy: '^1.0.3',
39 silly install resolved        'fs-write-stream-atomic': '1.0.5',
39 silly install resolved        fstream: '^1.0.3',
39 silly install resolved        'fstream-ignore': '^1.0.2',
39 silly install resolved        github: '^0.2.3',
39 silly install resolved        glob: '^4.3.2',
39 silly install resolved        'graceful-fs': '^3.0.5',
39 silly install resolved        handlebars: '^2.0.0',
39 silly install resolved        inquirer: '0.10.0',
39 silly install resolved        insight: '^0.7.0',
39 silly install resolved        'is-root': '^1.0.0',
39 silly install resolved        junk: '^1.0.0',
39 silly install resolved        lockfile: '^1.0.0',
39 silly install resolved        'lru-cache': '^2.5.0',
39 silly install resolved        'md5-hex': '^1.0.2',
39 silly install resolved        mkdirp: '0.5.0',
39 silly install resolved        mout: '^0.11.0',
39 silly install resolved        nopt: '^3.0.1',
39 silly install resolved        opn: '^1.0.1',
39 silly install resolved        'p-throttler': '0.1.1',
39 silly install resolved        promptly: '0.2.0',
39 silly install resolved        q: '^1.1.2',
39 silly install resolved        request: '2.53.0',
39 silly install resolved        'request-progress': '0.3.1',
39 silly install resolved        retry: '0.6.1',
39 silly install resolved        rimraf: '^2.2.8',
39 silly install resolved        semver: '^2.3.0',
39 silly install resolved        'semver-utils': '^1.1.1',
39 silly install resolved        'shell-quote': '^1.4.2',
39 silly install resolved        'stringify-object': '^1.0.0',
39 silly install resolved        'tar-fs': '^1.4.1',
39 silly install resolved        tmp: '0.0.24',
39 silly install resolved        'update-notifier': '^0.6.0',
39 silly install resolved        'user-home': '^1.1.0',
39 silly install resolved        which: '^1.0.8' },
39 silly install resolved     devDependencies:
39 silly install resolved      { chai: '^1.10.0',
39 silly install resolved        coveralls: '^2.11.2',
39 silly install resolved        'expect.js': '^0.3.1',
39 silly install resolved        grunt: '^0.4.5',
39 silly install resolved        'grunt-cli': '^0.1.13',
39 silly install resolved        'grunt-contrib-jshint': '^0.10.0',
39 silly install resolved        'grunt-contrib-watch': '^0.6.1',
39 silly install resolved        'grunt-exec': '^0.4.6',
39 silly install resolved        'grunt-jscs': '^2.3.0',
39 silly install resolved        'grunt-simple-mocha': '^0.4.0',
39 silly install resolved        istanbul: '^0.3.5',
39 silly install resolved        'load-grunt-tasks': '^2.0.0',
39 silly install resolved        mocha: '^2.1.0',
39 silly install resolved        multiline: '^1.0.2',
39 silly install resolved        nock: '^3.1.0',
39 silly install resolved        'node-uuid': '^1.4.2',
39 silly install resolved        proxyquire: '^1.3.0',
39 silly install resolved        'spawn-sync': '1.0.13' },
39 silly install resolved     scripts:
39 silly install resolved      { test: 'grunt test',
39 silly install resolved        ci: 'grunt travis',
39 silly install resolved        coveralls: 'coveralls' },
39 silly install resolved     bin: { bower: 'bin/bower' },
39 silly install resolved     files: [ 'bin', 'lib', 'templates' ],
39 silly install resolved     gitHead: 'a2f21e2703df020617bc35bbc2fb823c8a14b885',
39 silly install resolved     bugs: { url: 'https://github.com/bower/bower/issues' },
39 silly install resolved     bundleDependencies:
39 silly install resolved      [ 'abbrev',
39 silly install resolved        'archy',
39 silly install resolved        'bower-config',
39 silly install resolved        'bower-endpoint-parser',
39 silly install resolved        'bower-json',
39 silly install resolved        'bower-logger',
39 silly install resolved        'bower-registry-client',
39 silly install resolved        'cardinal',
39 silly install resolved        'chalk',
39 silly install resolved        'chmodr',
39 silly install resolved        'configstore',
39 silly install resolved        'decompress-zip',
39 silly install resolved        'destroy',
39 silly install resolved        'fs-write-stream-atomic',
39 silly install resolved        'fstream',
39 silly install resolved        'fstream-ignore',
39 silly install resolved        'github',
39 silly install resolved        'glob',
39 silly install resolved        'graceful-fs',
39 silly install resolved        'handlebars',
39 silly install resolved        'inquirer',
39 silly install resolved        'insight',
39 silly install resolved        'is-root',
39 silly install resolved        'junk',
39 silly install resolved        'lockfile',
39 silly install resolved        'lru-cache',
39 silly install resolved        'md5-hex',
39 silly install resolved        'mkdirp',
39 silly install resolved        'mout',
39 silly install resolved        'nopt',
39 silly install resolved        'opn',
39 silly install resolved        'p-throttler',
39 silly install resolved        'promptly',
39 silly install resolved        'q',
39 silly install resolved        'request',
39 silly install resolved        'request-progress',
39 silly install resolved        'retry',
39 silly install resolved        'rimraf',
39 silly install resolved        'semver',
39 silly install resolved        'shell-quote',
39 silly install resolved        'stringify-object',
39 silly install resolved        'tar-fs',
39 silly install resolved        'tmp',
39 silly install resolved        'update-notifier',
39 silly install resolved        'user-home',
39 silly install resolved        'which' ],
39 silly install resolved     _id: 'bower@1.7.2',
39 silly install resolved     _shasum: 'b04228f9970f11777017e64ae39d71f9346c9575',
39 silly install resolved     _from: 'bower@*',
39 silly install resolved     _npmVersion: '2.14.15',
39 silly install resolved     _nodeVersion: '4.2.3',
39 silly install resolved     _npmUser: { name: 'vladikoff', email: 'vlad@vladikoff.com' },
39 silly install resolved     maintainers:
39 silly install resolved      [ [Object],
39 silly install resolved        [Object],
39 silly install resolved        [Object],
39 silly install resolved        [Object],
39 silly install resolved        [Object],
39 silly install resolved        [Object],
39 silly install resolved        [Object] ],
39 silly install resolved     dist:
39 silly install resolved      { shasum: 'b04228f9970f11777017e64ae39d71f9346c9575',
39 silly install resolved        tarball: 'http://registry.npmjs.org/bower/-/bower-1.7.2.tgz' },
39 silly install resolved     directories: {},
39 silly install resolved     _resolved: 'https://registry.npmjs.org/bower/-/bower-1.7.2.tgz' } ]
40 info install bower@1.7.2 into /usr/local/lib
41 info installOne bower@1.7.2
42 verbose installOne of bower to /usr/local/lib not in flight; installing
43 verbose lock using /Users/adi/.npm/_locks/bower-e8debc5417026b57.lock for /usr/local/lib/node_modules/bower
44 silly install write writing bower 1.7.2 to /usr/local/lib/node_modules/bower
45 verbose unbuild lib/node_modules/bower
46 info preuninstall bower@1.5.2
47 info uninstall bower@1.5.2
48 verbose unbuild rmStuff bower@1.5.2 from /usr/local/lib/node_modules
49 silly gentlyRm /usr/local/bin/bower is being gently removed
50 silly gentlyRm verifying /usr/local is an npm working directory
51 silly gentlyRm containing path /usr/local is under npm's control, in /usr/local
52 silly gentlyRm deletion target /usr/local/bin/bower is under /usr/local
53 verbose gentlyRm vacuuming from /usr/local/bin/bower up to /usr/local
54 silly vacuum-fs removing /usr/local/bin/bower
55 silly vacuum-fs quitting because other entries in /usr/local/bin
56 info postuninstall bower@1.5.2
57 silly gentlyRm /usr/local/lib/node_modules/bower is being purged from base /usr/local
58 verbose gentlyRm don't care about contents; nuking /usr/local/lib/node_modules/bower
59 silly vacuum-fs purging /usr/local/lib/node_modules/bower
60 verbose unlock done using /Users/adi/.npm/_locks/bower-e8debc5417026b57.lock for /usr/local/lib/node_modules/bower
61 verbose stack Error: EACCES: permission denied, rmdir '/usr/local/lib/node_modules/bower'
61 verbose stack     at Error (native)
62 verbose cwd /Users/adi/code/flowgram-frontend
63 error Darwin 15.0.0
64 error argv "/usr/local/bin/node" "/usr/local/bin/npm" "install" "-g" "bower"
65 error node v4.2.0
66 error npm  v2.14.7
67 error path /usr/local/lib/node_modules/bower
68 error code EACCES
69 error errno -13
70 error syscall rmdir
71 error Error: EACCES: permission denied, rmdir '/usr/local/lib/node_modules/bower'
71 error     at Error (native)
71 error  { [Error: EACCES: permission denied, rmdir '/usr/local/lib/node_modules/bower']
71 error   errno: -13,
71 error   code: 'EACCES',
71 error   syscall: 'rmdir',
71 error   path: '/usr/local/lib/node_modules/bower' }
72 error Please try running this command again as root/Administrator.
73 verbose exit [ -13, true ]
74 verbose unbuild lib/node_modules/bower
75 info preuninstall bower@1.5.2
76 info uninstall bower@1.5.2
77 verbose unbuild rmStuff bower@1.5.2 from /usr/local/lib/node_modules
78 silly gentlyRm /usr/local/bin/bower is being gently removed
79 silly gentlyRm verifying /usr/local is an npm working directory
80 silly gentlyRm containing path /usr/local is under npm's control, in /usr/local
81 silly gentlyRm deletion target /usr/local/bin/bower is under /usr/local
82 verbose gentlyRm vacuuming from /usr/local/bin/bower up to /usr/local
83 info postuninstall bower@1.5.2
84 silly gentlyRm /usr/local/lib/node_modules/bower is being purged from base /usr/local
85 verbose gentlyRm don't care about contents; nuking /usr/local/lib/node_modules/bower
86 silly vacuum-fs purging /usr/local/lib/node_modules/bower
87 error error rolling back Error: EACCES: permission denied, rmdir '/usr/local/lib/node_modules/bower'
87 error error rolling back     at Error (native)
87 error error rolling back  { [Error: EACCES: permission denied, rmdir '/usr/local/lib/node_modules/bower']
87 error error rolling back   errno: -13,
87 error error rolling back   code: 'EACCES',
87 error error rolling back   syscall: 'rmdir',
87 error error rolling back   path: '/usr/local/lib/node_modules/bower' }
